2025-02-09 19:48:02,347 - __main__ - INFO - Running script on 2025-02-09 19:48:02.346984
2025-02-09 19:49:02,543 - __main__ - INFO - Running script on 2025-02-09 19:49:02.543389
2025-02-09 19:50:02,556 - __main__ - INFO - Running script on 2025-02-09 19:50:02.556911
2025-02-09 19:51:03,015 - __main__ - INFO - Running script on 2025-02-09 19:51:03.015504
2025-02-09 19:52:03,192 - __main__ - INFO - Running script on 2025-02-09 19:52:03.192901
2025-02-09 19:53:02,646 - __main__ - INFO - Running script on 2025-02-09 19:53:02.646238
2025-02-09 19:54:03,006 - __main__ - INFO - Running script on 2025-02-09 19:54:03.005946
2025-02-09 19:55:04,604 - __main__ - INFO - Running script on 2025-02-09 19:55:04.604477
2025-02-09 19:56:03,105 - __main__ - INFO - Running script on 2025-02-09 19:56:03.105909
2025-02-09 19:57:02,960 - __main__ - INFO - Running script on 2025-02-09 19:57:02.960570
2025-02-09 19:58:03,385 - __main__ - INFO - Running script on 2025-02-09 19:58:03.385750
2025-02-09 19:59:03,175 - __main__ - INFO - Running script on 2025-02-09 19:59:03.175602
2025-02-09 20:00:03,215 - __main__ - INFO - Running script on 2025-02-09 20:00:03.215518
2025-02-09 20:00:18,144 - __main__ - INFO - Email sent successfully.
2025-02-09 20:01:03,134 - __main__ - INFO - Running script on 2025-02-09 20:01:03.134162
2025-02-09 20:02:02,488 - __main__ - INFO - Running script on 2025-02-09 20:02:02.488142
2025-02-09 20:03:02,997 - __main__ - INFO - Running script on 2025-02-09 20:03:02.997549
2025-02-09 20:04:03,306 - __main__ - INFO - Running script on 2025-02-09 20:04:03.306493
2025-02-09 20:05:02,747 - __main__ - INFO - Running script on 2025-02-09 20:05:02.747508
2025-02-09 20:06:03,258 - __main__ - INFO - Running script on 2025-02-09 20:06:03.258060
2025-02-09 20:07:03,038 - __main__ - INFO - Running script on 2025-02-09 20:07:03.038177
2025-02-09 20:08:02,871 - __main__ - INFO - Running script on 2025-02-09 20:08:02.871210
2025-02-09 20:09:02,543 - __main__ - INFO - Running script on 2025-02-09 20:09:02.543867
2025-02-09 20:10:03,246 - __main__ - INFO - Running script on 2025-02-09 20:10:03.246815
2025-02-09 20:11:02,775 - __main__ - INFO - Running script on 2025-02-09 20:11:02.775795
2025-02-09 20:12:02,475 - __main__ - INFO - Running script on 2025-02-09 20:12:02.475678
2025-02-09 20:13:02,967 - __main__ - INFO - Running script on 2025-02-09 20:13:02.966878
2025-02-09 20:14:03,359 - __main__ - INFO - Running script on 2025-02-09 20:14:03.359531
2025-02-09 20:15:02,502 - __main__ - INFO - Running script on 2025-02-09 20:15:02.502107
2025-02-09 20:16:02,710 - __main__ - INFO - Running script on 2025-02-09 20:16:02.710409
2025-02-09 20:17:02,565 - __main__ - INFO - Running script on 2025-02-09 20:17:02.565760
2025-02-09 20:18:02,938 - __main__ - INFO - Running script on 2025-02-09 20:18:02.938397
2025-02-09 20:19:02,710 - __main__ - INFO - Running script on 2025-02-09 20:19:02.710381
2025-02-09 20:20:03,258 - __main__ - INFO - Running script on 2025-02-09 20:20:03.258146
2025-02-09 20:21:02,374 - __main__ - INFO - Running script on 2025-02-09 20:21:02.373931
2025-02-09 20:22:02,905 - __main__ - INFO - Running script on 2025-02-09 20:22:02.905310
2025-02-09 20:23:02,581 - __main__ - INFO - Running script on 2025-02-09 20:23:02.581630
2025-02-09 20:24:03,073 - __main__ - INFO - Running script on 2025-02-09 20:24:03.073827
2025-02-09 20:25:03,822 - __main__ - INFO - Running script on 2025-02-09 20:25:03.822225
2025-02-09 20:26:03,318 - __main__ - INFO - Running script on 2025-02-09 20:26:03.318128
2025-02-09 20:27:03,173 - __main__ - INFO - Running script on 2025-02-09 20:27:03.173658
2025-02-09 20:28:02,714 - __main__ - INFO - Running script on 2025-02-09 20:28:02.714426
2025-02-09 20:29:02,518 - __main__ - INFO - Running script on 2025-02-09 20:29:02.518747
2025-02-09 20:30:03,311 - __main__ - INFO - Running script on 2025-02-09 20:30:03.311064
2025-02-09 20:31:02,430 - __main__ - INFO - Running script on 2025-02-09 20:31:02.430872
2025-02-09 20:32:03,388 - __main__ - INFO - Running script on 2025-02-09 20:32:03.388235
2025-02-09 20:33:03,193 - __main__ - INFO - Running script on 2025-02-09 20:33:03.193557
2025-02-09 20:34:03,412 - __main__ - INFO - Running script on 2025-02-09 20:34:03.412413
2025-02-09 20:35:02,542 - __main__ - INFO - Running script on 2025-02-09 20:35:02.542685
2025-02-09 20:36:02,936 - __main__ - INFO - Running script on 2025-02-09 20:36:02.936768
2025-02-09 20:37:03,191 - __main__ - INFO - Running script on 2025-02-09 20:37:03.191520
2025-02-09 20:38:02,804 - __main__ - INFO - Running script on 2025-02-09 20:38:02.804324
2025-02-09 20:39:02,485 - __main__ - INFO - Running script on 2025-02-09 20:39:02.484997
2025-02-09 20:40:02,842 - __main__ - INFO - Running script on 2025-02-09 20:40:02.842525
2025-02-09 20:41:03,080 - __main__ - INFO - Running script on 2025-02-09 20:41:03.080678
2025-02-09 20:42:03,352 - __main__ - INFO - Running script on 2025-02-09 20:42:03.352921
2025-02-09 20:43:02,961 - __main__ - INFO - Running script on 2025-02-09 20:43:02.961087
2025-02-09 20:44:02,821 - __main__ - INFO - Running script on 2025-02-09 20:44:02.821323
2025-02-09 20:45:02,816 - __main__ - INFO - Running script on 2025-02-09 20:45:02.816476
2025-02-09 20:46:02,603 - __main__ - INFO - Running script on 2025-02-09 20:46:02.603190
2025-02-09 20:47:02,800 - __main__ - INFO - Running script on 2025-02-09 20:47:02.799981
2025-02-09 20:48:03,088 - __main__ - INFO - Running script on 2025-02-09 20:48:03.088327
2025-02-09 20:49:02,630 - __main__ - INFO - Running script on 2025-02-09 20:49:02.630285
2025-02-09 20:50:02,953 - __main__ - INFO - Running script on 2025-02-09 20:50:02.953281
2025-02-09 20:51:03,215 - __main__ - INFO - Running script on 2025-02-09 20:51:03.215418
2025-02-09 20:52:02,985 - __main__ - INFO - Running script on 2025-02-09 20:52:02.985609
2025-02-09 20:53:02,778 - __main__ - INFO - Running script on 2025-02-09 20:53:02.778615
2025-02-09 20:54:02,495 - __main__ - INFO - Running script on 2025-02-09 20:54:02.495312
2025-02-09 20:55:04,307 - __main__ - INFO - Running script on 2025-02-09 20:55:04.307452
2025-02-09 20:56:02,862 - __main__ - INFO - Running script on 2025-02-09 20:56:02.862219
2025-02-09 20:57:03,140 - __main__ - INFO - Running script on 2025-02-09 20:57:03.140184
2025-02-09 20:58:03,210 - __main__ - INFO - Running script on 2025-02-09 20:58:03.210236
2025-02-09 20:58:42,340 - __main__ - INFO - 2025年2月 found, 3日日予定リスト found
2025-02-09 20:59:15,726 - __main__ - INFO - 2025年2月 found, 3日日予定リスト found
2025-02-09 21:00:15,392 - __main__ - INFO - 2025年2月 found, 3日日予定リスト found
2025-02-09 21:08:18,097 - __main__ - INFO - 2025年2月 found, 3日日予定リスト found, No slots available!
2025-02-09 21:08:42,331 - __main__ - INFO - 2025年2月 found, 3日日予定リスト found, No slots available!
2025-02-09 21:09:15,759 - __main__ - INFO - 2025年2月 found, 3日日予定リスト found, No slots available!
2025-02-09 21:10:14,275 - __main__ - INFO - 2025年2月 found, 3日日予定リスト found, No slots available!
2025-02-09 21:11:13,299 - __main__ - INFO - 2025年2月 found, 3日日予定リスト found, No slots available!
2025-02-09 21:12:14,049 - __main__ - INFO - 2025年2月 found, 3日日予定リスト found, No slots available!
2025-02-09 21:13:12,289 - __main__ - INFO - 2025年2月 found, 3日日予定リスト found, No slots available!
2025-02-09 21:14:12,992 - __main__ - INFO - 2025年2月 found, 3日日予定リスト found, No slots available!
2025-02-09 21:15:12,735 - __main__ - INFO - 2025年2月 found, 3日日予定リスト found, No slots available!
2025-02-09 21:16:13,486 - __main__ - INFO - 2025年2月 found, 3日日予定リスト found, No slots available!
2025-02-09 21:17:13,481 - __main__ - INFO - 2025年2月 found, 3日日予定リスト found, No slots available!
2025-02-09 21:18:13,587 - __main__ - INFO - 2025年2月 found, 3日日予定リスト found, No slots available!
2025-02-09 21:19:12,201 - __main__ - INFO - 2025年2月 found, 3日日予定リスト found, No slots available!
2025-02-09 21:20:13,977 - __main__ - INFO - 2025年2月 found, 3日日予定リスト found, No slots available!
2025-02-09 21:21:12,540 - __main__ - INFO - 2025年2月 found, 3日日予定リスト found, No slots available!
2025-02-09 21:22:13,467 - __main__ - INFO - 2025年2月 found, 3日日予定リスト found, No slots available!
2025-02-09 21:23:13,437 - __main__ - INFO - 2025年2月 found, 3日日予定リスト found, No slots available!
2025-02-09 21:24:12,588 - __main__ - INFO - 2025年2月 found, 3日日予定リスト found, No slots available!
2025-02-09 21:25:15,475 - __main__ - INFO - 2025年2月 found, 3日日予定リスト found, No slots available!
2025-02-09 21:26:13,430 - __main__ - INFO - 2025年2月 found, 3日日予定リスト found, No slots available!
2025-02-09 21:27:13,129 - __main__ - INFO - 2025年2月 found, 3日日予定リスト found, No slots available!
2025-02-09 21:28:13,350 - __main__ - INFO - 2025年2月 found, 3日日予定リスト found, No slots available!
2025-02-09 21:29:13,287 - __main__ - INFO - 2025年2月 found, 3日日予定リスト found, No slots available!
2025-02-09 21:30:14,134 - __main__ - INFO - 2025年2月 found, 3日日予定リスト found, No slots available!
2025-02-09 21:31:13,560 - __main__ - INFO - 2025年2月 found, 3日日予定リスト found, No slots available!
2025-02-09 21:32:13,023 - __main__ - INFO - 2025年2月 found, 3日日予定リスト found, No slots available!
2025-02-09 21:33:12,772 - __main__ - INFO - 2025年2月 found, 3日日予定リスト found, No slots available!
2025-02-09 21:34:12,895 - __main__ - INFO - 2025年2月 found, 3日日予定リスト found, No slots available!
2025-02-09 21:35:13,410 - __main__ - INFO - 2025年2月 found, 3日日予定リスト found, No slots available!
2025-02-09 21:36:13,925 - __main__ - INFO - 2025年2月 found, 3日日予定リスト found, No slots available!
2025-02-09 21:37:14,463 - __main__ - INFO - 2025年2月 found, 3日日予定リスト found, No slots available!
2025-02-09 21:38:13,441 - __main__ - INFO - 2025年2月 found, 3日日予定リスト found, No slots available!
2025-02-09 21:39:12,895 - __main__ - INFO - 2025年2月 found, 3日日予定リスト found, No slots available!
2025-02-09 21:40:13,060 - __main__ - INFO - 2025年2月 found, 3日日予定リスト found, No slots available!
2025-02-09 21:41:12,436 - __main__ - INFO - 2025年2月 found, 3日日予定リスト found, No slots available!
2025-02-09 21:42:12,940 - __main__ - INFO - 2025年2月 found, 3日日予定リスト found, No slots available!
2025-02-09 21:43:13,149 - __main__ - INFO - 2025年2月 found, 3日日予定リスト found, No slots available!
2025-02-09 21:44:12,299 - __main__ - INFO - 2025年2月 found, 3日日予定リスト found, No slots available!
2025-02-09 21:45:13,562 - __main__ - INFO - 2025年2月 found, 3日日予定リスト found, No slots available!
2025-02-09 21:46:13,516 - __main__ - INFO - 2025年2月 found, 3日日予定リスト found, No slots available!
2025-02-09 21:47:13,591 - __main__ - INFO - 2025年2月 found, 3日日予定リスト found, No slots available!
2025-02-09 21:48:13,590 - __main__ - INFO - 2025年2月 found, 3日日予定リスト found, No slots available!
2025-02-09 21:49:13,694 - __main__ - INFO - 2025年2月 found, 3日日予定リスト found, No slots available!
2025-02-09 21:50:13,124 - __main__ - INFO - 2025年2月 found, 3日日予定リスト found, No slots available!
2025-02-09 21:51:12,802 - __main__ - INFO - 2025年2月 found, 3日日予定リスト found, No slots available!
2025-02-09 21:52:12,409 - __main__ - INFO - 2025年2月 found, 3日日予定リスト found, No slots available!
2025-02-09 21:53:12,916 - __main__ - INFO - 2025年2月 found, 3日日予定リスト found, No slots available!
2025-02-09 21:54:12,503 - __main__ - INFO - 2025年2月 found, 3日日予定リスト found, No slots available!
2025-02-09 21:55:14,558 - __main__ - INFO - 2025年2月 found, 3日日予定リスト found, No slots available!
2025-02-09 21:56:12,490 - __main__ - INFO - 2025年2月 found, 3日日予定リスト found, No slots available!
2025-02-09 21:57:13,908 - __main__ - INFO - 2025年2月 found, 3日日予定リスト found, No slots available!
2025-02-09 21:58:14,525 - __main__ - INFO - 2025年2月 found, 3日日予定リスト found, No slots available!
2025-02-09 21:59:13,166 - __main__ - INFO - 2025年2月 found, 3日日予定リスト found, No slots available!
2025-02-09 22:00:17,859 - __main__ - INFO - Email sent successfully.
2025-02-09 22:00:17,868 - __main__ - INFO - 2025年2月 found, 3日日予定リスト found, No slots available!
2025-02-09 22:01:13,423 - __main__ - INFO - 2025年2月 found, 3日日予定リスト found, No slots available!
2025-02-09 22:02:13,123 - __main__ - INFO - 2025年2月 found, 3日日予定リスト found, No slots available!
2025-02-09 22:03:12,822 - __main__ - INFO - 2025年2月 found, 3日日予定リスト found, No slots available!
2025-02-09 22:04:12,365 - __main__ - INFO - 2025年2月 found, 3日日予定リスト found, No slots available!
2025-02-09 22:05:12,987 - __main__ - INFO - 2025年2月 found, 3日日予定リスト found, No slots available!
2025-02-09 22:06:13,282 - __main__ - INFO - 2025年2月 found, 3日日予定リスト found, No slots available!
2025-02-09 22:07:13,756 - __main__ - INFO - 2025年2月 found, 3日日予定リスト found, No slots available!
2025-02-09 22:08:12,612 - __main__ - INFO - 2025年2月 found, 3日日予定リスト found, No slots available!
2025-02-09 22:09:14,033 - __main__ - INFO - 2025年2月 found, 3日日予定リスト found, No slots available!
2025-02-09 22:10:13,190 - __main__ - INFO - 2025年2月 found, 3日日予定リスト found, No slots available!
2025-02-09 22:11:12,641 - __main__ - INFO - 2025年2月 found, 3日日予定リスト found, No slots available!
2025-02-09 22:12:13,678 - __main__ - INFO - 2025年2月 found, 3日日予定リスト found, No slots available!
2025-02-09 22:13:13,713 - __main__ - INFO - 2025年2月 found, 3日日予定リスト found, No slots available!
2025-02-09 22:14:12,223 - __main__ - INFO - 2025年2月 found, 3日日予定リスト found, No slots available!
2025-02-09 22:15:12,618 - __main__ - INFO - 2025年2月 found, 3日日予定リスト found, No slots available!
2025-02-09 22:16:13,211 - __main__ - INFO - 2025年2月 found, 3日日予定リスト found, No slots available!
2025-02-09 22:17:13,308 - __main__ - INFO - 2025年2月 found, 3日日予定リスト found, No slots available!
2025-02-09 22:18:12,687 - __main__ - INFO - 2025年2月 found, 3日日予定リスト found, No slots available!
2025-02-09 22:19:12,951 - __main__ - INFO - 2025年2月 found, 3日日予定リスト found, No slots available!
2025-02-09 22:20:13,388 - __main__ - INFO - 2025年2月 found, 3日日予定リスト found, No slots available!
2025-02-09 22:21:13,704 - __main__ - INFO - 2025年2月 found, 3日日予定リスト found, No slots available!
2025-02-09 22:22:13,097 - __main__ - INFO - 2025年2月 found, 3日日予定リスト found, No slots available!
2025-02-09 22:23:12,478 - __main__ - INFO - 2025年2月 found, 3日日予定リスト found, No slots available!
2025-02-09 22:24:12,865 - __main__ - INFO - 2025年2月 found, 3日日予定リスト found, No slots available!
2025-02-09 22:25:14,003 - __main__ - INFO - 2025年2月 found, 3日日予定リスト found, No slots available!
2025-02-09 22:26:12,506 - __main__ - INFO - 2025年2月 found, 3日日予定リスト found, No slots available!
2025-02-09 22:27:13,264 - __main__ - INFO - 2025年2月 found, 3日日予定リスト found, No slots available!
2025-02-09 22:28:13,533 - __main__ - INFO - 2025年2月 found, 3日日予定リスト found, No slots available!
2025-02-09 22:29:13,383 - __main__ - INFO - 2025年2月 found, 3日日予定リスト found, No slots available!
2025-02-09 22:30:14,454 - __main__ - INFO - 2025年2月 found, 3日日予定リスト found, No slots available!
2025-02-09 22:31:13,106 - __main__ - INFO - 2025年2月 found, 3日日予定リスト found, No slots available!
2025-02-09 22:32:12,741 - __main__ - INFO - 2025年2月 found, 3日日予定リスト found, No slots available!
2025-02-09 22:33:12,548 - __main__ - INFO - 2025年2月 found, 3日日予定リスト found, No slots available!
2025-02-09 22:34:12,459 - __main__ - INFO - 2025年2月 found, 3日日予定リスト found, No slots available!
2025-02-09 22:35:12,965 - __main__ - INFO - 2025年2月 found, 3日日予定リスト found, No slots available!
2025-02-09 22:36:13,039 - __main__ - INFO - 2025年2月 found, 3日日予定リスト found, No slots available!
2025-02-09 22:37:12,899 - __main__ - INFO - 2025年2月 found, 3日日予定リスト found, No slots available!
2025-02-09 22:38:12,580 - __main__ - INFO - 2025年2月 found, 3日日予定リスト found, No slots available!
2025-02-09 22:39:13,420 - __main__ - INFO - 2025年2月 found, 3日日予定リスト found, No slots available!
2025-02-09 22:40:13,699 - __main__ - INFO - 2025年2月 found, 3日日予定リスト found, No slots available!
2025-02-09 22:41:12,628 - __main__ - INFO - 2025年2月 found, 3日日予定リスト found, No slots available!
2025-02-09 22:42:13,646 - __main__ - INFO - 2025年2月 found, 3日日予定リスト found, No slots available!
2025-02-09 22:43:13,665 - __main__ - INFO - 2025年2月 found, 3日日予定リスト found, No slots available!
2025-02-09 22:44:13,430 - __main__ - INFO - 2025年2月 found, 3日日予定リスト found, No slots available!
2025-02-09 22:45:13,713 - __main__ - INFO - 2025年2月 found, 3日日予定リスト found, No slots available!
2025-02-09 22:46:12,644 - __main__ - INFO - 2025年2月 found, 3日日予定リスト found, No slots available!
2025-02-09 22:47:13,080 - __main__ - INFO - 2025年2月 found, 3日日予定リスト found, No slots available!
2025-02-09 22:48:13,351 - __main__ - INFO - 2025年2月 found, 3日日予定リスト found, No slots available!
2025-02-09 22:49:13,505 - __main__ - INFO - 2025年2月 found, 3日日予定リスト found, No slots available!
2025-02-09 22:50:13,580 - __main__ - INFO - 2025年2月 found, 3日日予定リスト found, No slots available!
2025-02-09 22:51:13,328 - __main__ - INFO - 2025年2月 found, 3日日予定リスト found, No slots available!
2025-02-09 22:52:13,733 - __main__ - INFO - 2025年2月 found, 3日日予定リスト found, No slots available!
2025-02-09 22:53:13,550 - __main__ - INFO - 2025年2月 found, 3日日予定リスト found, No slots available!
2025-02-09 22:54:13,361 - __main__ - INFO - 2025年2月 found, 3日日予定リスト found, No slots available!
2025-02-09 22:55:14,450 - __main__ - INFO - 2025年2月 found, 3日日予定リスト found, No slots available!
2025-02-09 22:56:13,393 - __main__ - INFO - 2025年2月 found, 3日日予定リスト found, No slots available!
2025-02-09 22:57:14,100 - __main__ - INFO - 2025年2月 found, 3日日予定リスト found, No slots available!
2025-02-09 22:58:13,222 - __main__ - INFO - 2025年2月 found, 3日日予定リスト found, No slots available!
2025-02-09 22:59:12,601 - __main__ - INFO - 2025年2月 found, 3日日予定リスト found, No slots available!
2025-02-09 23:00:16,435 - __main__ - INFO - Email sent successfully.
2025-02-09 23:00:16,440 - __main__ - INFO - 2025年2月 found, 3日日予定リスト found, No slots available!
2025-02-09 23:01:13,091 - __main__ - INFO - 2025年2月 found, 3日日予定リスト found, No slots available!
2025-02-09 23:02:13,148 - __main__ - INFO - 2025年2月 found, 3日日予定リスト found, No slots available!
2025-02-09 23:03:13,883 - __main__ - INFO - 2025年2月 found, 3日日予定リスト found, No slots available!
2025-02-09 23:04:12,829 - __main__ - INFO - 2025年2月 found, 3日日予定リスト found, No slots available!
2025-02-09 23:05:12,814 - __main__ - INFO - 2025年2月 found, 3日日予定リスト found, No slots available!
2025-02-09 23:06:13,959 - __main__ - INFO - 2025年2月 found, 3日日予定リスト found, No slots available!
2025-02-09 23:07:12,923 - __main__ - INFO - 2025年2月 found, 3日日予定リスト found, No slots available!
2025-02-09 23:08:12,927 - __main__ - INFO - 2025年2月 found, 3日日予定リスト found, No slots available!
2025-02-09 23:09:13,168 - __main__ - INFO - 2025年2月 found, 3日日予定リスト found, No slots available!
2025-02-09 23:10:13,691 - __main__ - INFO - 2025年2月 found, 3日日予定リスト found, No slots available!
2025-02-09 23:11:12,662 - __main__ - INFO - 2025年2月 found, 3日日予定リスト found, No slots available!
2025-02-09 23:12:12,826 - __main__ - INFO - 2025年2月 found, 3日日予定リスト found, No slots available!
2025-02-09 23:13:13,985 - __main__ - INFO - 2025年2月 found, 3日日予定リスト found, No slots available!
2025-02-09 23:14:12,616 - __main__ - INFO - 2025年2月 found, 3日日予定リスト found, No slots available!
2025-02-09 23:15:13,266 - __main__ - INFO - 2025年2月 found, 3日日予定リスト found, No slots available!
2025-02-09 23:16:12,952 - __main__ - INFO - 2025年2月 found, 3日日予定リスト found, No slots available!
2025-02-09 23:17:12,470 - __main__ - INFO - 2025年2月 found, 3日日予定リスト found, No slots available!
2025-02-09 23:18:13,837 - __main__ - INFO - 2025年2月 found, 3日日予定リスト found, No slots available!
2025-02-09 23:19:13,424 - __main__ - INFO - 2025年2月 found, 3日日予定リスト found, No slots available!
2025-02-09 23:20:12,779 - __main__ - INFO - 2025年2月 found, 3日日予定リスト found, No slots available!
2025-02-09 23:21:12,679 - __main__ - INFO - 2025年2月 found, 3日日予定リスト found, No slots available!
2025-02-09 23:22:13,343 - __main__ - INFO - 2025年2月 found, 3日日予定リスト found, No slots available!
2025-02-09 23:23:13,650 - __main__ - INFO - 2025年2月 found, 3日日予定リスト found, No slots available!
2025-02-09 23:24:13,192 - __main__ - INFO - 2025年2月 found, 3日日予定リスト found, No slots available!
2025-02-09 23:25:14,616 - __main__ - INFO - 2025年2月 found, 3日日予定リスト found, No slots available!
2025-02-09 23:26:13,325 - __main__ - INFO - 2025年2月 found, 3日日予定リスト found, No slots available!
2025-02-09 23:27:13,153 - __main__ - INFO - 2025年2月 found, 3日日予定リスト found, No slots available!
2025-02-09 23:28:12,764 - __main__ - INFO - 2025年2月 found, 3日日予定リスト found, No slots available!
2025-02-09 23:29:13,036 - __main__ - INFO - 2025年2月 found, 3日日予定リスト found, No slots available!
2025-02-09 23:30:13,262 - __main__ - INFO - 2025年2月 found, 3日日予定リスト found, No slots available!
2025-02-09 23:31:12,477 - __main__ - INFO - 2025年2月 found, 3日日予定リスト found, No slots available!
2025-02-09 23:32:13,567 - __main__ - INFO - 2025年2月 found, 3日日予定リスト found, No slots available!
2025-02-09 23:33:13,327 - __main__ - INFO - 2025年2月 found, 3日日予定リスト found, No slots available!
2025-02-09 23:34:13,503 - __main__ - INFO - 2025年2月 found, 3日日予定リスト found, No slots available!
2025-02-09 23:35:13,278 - __main__ - INFO - 2025年2月 found, 3日日予定リスト found, No slots available!
2025-02-09 23:36:13,416 - __main__ - INFO - 2025年2月 found, 3日日予定リスト found, No slots available!
2025-02-09 23:37:12,779 - __main__ - INFO - 2025年2月 found, 3日日予定リスト found, No slots available!
2025-02-09 23:38:13,102 - __main__ - INFO - 2025年2月 found, 3日日予定リスト found, No slots available!
2025-02-09 23:39:13,172 - __main__ - INFO - 2025年2月 found, 3日日予定リスト found, No slots available!
2025-02-09 23:40:13,327 - __main__ - INFO - 2025年2月 found, 3日日予定リスト found, No slots available!
2025-02-09 23:41:12,935 - __main__ - INFO - 2025年2月 found, 3日日予定リスト found, No slots available!
2025-02-09 23:42:12,326 - __main__ - INFO - 2025年2月 found, 3日日予定リスト found, No slots available!
2025-02-09 23:43:12,866 - __main__ - INFO - 2025年2月 found, 3日日予定リスト found, No slots available!
2025-02-09 23:44:12,569 - __main__ - INFO - 2025年2月 found, 3日日予定リスト found, No slots available!
2025-02-09 23:45:12,633 - __main__ - INFO - 2025年2月 found, 3日日予定リスト found, No slots available!
2025-02-09 23:46:13,549 - __main__ - INFO - 2025年2月 found, 3日日予定リスト found, No slots available!
2025-02-09 23:47:13,389 - __main__ - INFO - 2025年2月 found, 3日日予定リスト found, No slots available!
2025-02-09 23:48:13,340 - __main__ - INFO - 2025年2月 found, 3日日予定リスト found, No slots available!
2025-02-09 23:49:13,228 - __main__ - INFO - 2025年2月 found, 3日日予定リスト found, No slots available!
2025-02-09 23:50:14,272 - __main__ - INFO - 2025年2月 found, 3日日予定リスト found, No slots available!
2025-02-09 23:51:13,690 - __main__ - INFO - 2025年2月 found, 3日日予定リスト found, No slots available!
2025-02-09 23:52:13,786 - __main__ - INFO - 2025年2月 found, 3日日予定リスト found, No slots available!
2025-02-09 23:53:13,524 - __main__ - INFO - 2025年2月 found, 3日日予定リスト found, No slots available!
2025-02-09 23:54:14,216 - __main__ - INFO - 2025年2月 found, 3日日予定リスト found, No slots available!
2025-02-09 23:55:14,441 - __main__ - INFO - 2025年2月 found, 3日日予定リスト found, No slots available!
2025-02-09 23:56:17,703 - __main__ - INFO - 2025年2月 found, 3日日予定リスト found, No slots available!
2025-02-09 23:57:13,016 - __main__ - INFO - 2025年2月 found, 3日日予定リスト found, No slots available!
2025-02-09 23:58:12,742 - __main__ - INFO - 2025年2月 found, 3日日予定リスト found, No slots available!
2025-02-09 23:59:12,931 - __main__ - INFO - 2025年2月 found, 3日日予定リスト found, No slots available!
2025-02-10 00:00:16,434 - __main__ - INFO - Email sent successfully.
2025-02-10 00:00:16,439 - __main__ - INFO - 2025年2月 found, 3日日予定リスト found, No slots available!
2025-02-10 00:01:13,112 - __main__ - INFO - 2025年2月 found, 3日日予定リスト found, No slots available!
2025-02-10 00:02:12,236 - __main__ - INFO - 2025年2月 found, 3日日予定リスト found, No slots available!
2025-02-10 00:03:13,049 - __main__ - INFO - 2025年2月 found, 3日日予定リスト found, No slots available!
2025-02-10 00:04:12,915 - __main__ - INFO - 2025年2月 found, 3日日予定リスト found, No slots available!
2025-02-10 00:05:12,953 - __main__ - INFO - 2025年2月 found, 3日日予定リスト found, No slots available!
2025-02-10 00:06:13,777 - __main__ - INFO - 2025年2月 found, 3日日予定リスト found, No slots available!
2025-02-10 00:07:13,558 - __main__ - INFO - 2025年2月 found, 3日日予定リスト found, No slots available!
2025-02-10 00:08:14,574 - __main__ - INFO - 2025年2月 found, 3日日予定リスト found, No slots available!
2025-02-10 00:09:13,681 - __main__ - INFO - 2025年2月 found, 3日日予定リスト found, No slots available!
2025-02-10 00:10:18,713 - __main__ - INFO - 2025年2月 found, 3日日予定リスト found, No slots available!
2025-02-10 00:11:14,506 - __main__ - INFO - 2025年2月 found, 3日日予定リスト found, No slots available!
2025-02-10 00:12:13,565 - __main__ - INFO - 2025年2月 found, 3日日予定リスト found, No slots available!
2025-02-10 00:13:12,957 - __main__ - INFO - 2025年2月 found, 3日日予定リスト found, No slots available!
2025-02-10 00:14:12,322 - __main__ - INFO - 2025年2月 found, 3日日予定リスト found, No slots available!
2025-02-10 00:15:14,093 - __main__ - INFO - 2025年2月 found, 3日日予定リスト found, No slots available!
2025-02-10 00:16:13,432 - __main__ - INFO - 2025年2月 found, 3日日予定リスト found, No slots available!
2025-02-10 00:17:12,260 - __main__ - INFO - 2025年2月 found, 3日日予定リスト found, No slots available!
2025-02-10 00:18:12,668 - __main__ - INFO - 2025年2月 found, 3日日予定リスト found, No slots available!
2025-02-10 00:19:13,697 - __main__ - INFO - 2025年2月 found, 3日日予定リスト found, No slots available!
2025-02-10 00:20:13,105 - __main__ - INFO - 2025年2月 found, 3日日予定リスト found, No slots available!
2025-02-10 00:21:13,772 - __main__ - INFO - 2025年2月 found, 3日日予定リスト found, No slots available!
2025-02-10 00:22:13,622 - __main__ - INFO - 2025年2月 found, 3日日予定リスト found, No slots available!
2025-02-10 00:23:12,566 - __main__ - INFO - 2025年2月 found, 3日日予定リスト found, No slots available!
2025-02-10 00:24:13,473 - __main__ - INFO - 2025年2月 found, 3日日予定リスト found, No slots available!
2025-02-10 00:25:14,455 - __main__ - INFO - 2025年2月 found, 3日日予定リスト found, No slots available!
2025-02-10 00:26:12,709 - __main__ - INFO - 2025年2月 found, 3日日予定リスト found, No slots available!
2025-02-10 00:27:12,846 - __main__ - INFO - 2025年2月 found, 3日日予定リスト found, No slots available!
2025-02-10 00:28:13,017 - __main__ - INFO - 2025年2月 found, 3日日予定リスト found, No slots available!
2025-02-10 00:29:13,641 - __main__ - INFO - 2025年2月 found, 3日日予定リスト found, No slots available!
2025-02-10 00:30:13,116 - __main__ - INFO - 2025年2月 found, 3日日予定リスト found, No slots available!
2025-02-10 00:31:13,433 - __main__ - INFO - 2025年2月 found, 3日日予定リスト found, No slots available!
2025-02-10 00:32:13,392 - __main__ - INFO - 2025年2月 found, 3日日予定リスト found, No slots available!
2025-02-10 00:33:13,496 - __main__ - INFO - 2025年2月 found, 3日日予定リスト found, No slots available!
2025-02-10 00:34:13,650 - __main__ - INFO - 2025年2月 found, 3日日予定リスト found, No slots available!
2025-02-10 00:35:13,251 - __main__ - INFO - 2025年2月 found, 3日日予定リスト found, No slots available!
2025-02-10 00:36:13,775 - __main__ - INFO - 2025年2月 found, 3日日予定リスト found, No slots available!
2025-02-10 00:37:13,537 - __main__ - INFO - 2025年2月 found, 3日日予定リスト found, No slots available!
2025-02-10 00:38:13,452 - __main__ - INFO - 2025年2月 found, 3日日予定リスト found, No slots available!
2025-02-10 00:39:13,321 - __main__ - INFO - 2025年2月 found, 3日日予定リスト found, No slots available!
2025-02-10 00:40:13,952 - __main__ - INFO - 2025年2月 found, 3日日予定リスト found, No slots available!
2025-02-10 00:41:12,775 - __main__ - INFO - 2025年2月 found, 3日日予定リスト found, No slots available!
2025-02-10 00:42:12,714 - __main__ - INFO - 2025年2月 found, 3日日予定リスト found, No slots available!
2025-02-10 00:43:13,095 - __main__ - INFO - 2025年2月 found, 3日日予定リスト found, No slots available!
2025-02-10 00:44:13,511 - __main__ - INFO - 2025年2月 found, 3日日予定リスト found, No slots available!
2025-02-10 00:45:13,350 - __main__ - INFO - 2025年2月 found, 3日日予定リスト found, No slots available!
2025-02-10 00:46:12,856 - __main__ - INFO - 2025年2月 found, 3日日予定リスト found, No slots available!
2025-02-10 00:47:13,420 - __main__ - INFO - 2025年2月 found, 3日日予定リスト found, No slots available!
2025-02-10 00:48:12,452 - __main__ - INFO - 2025年2月 found, 3日日予定リスト found, No slots available!
2025-02-10 00:49:13,275 - __main__ - INFO - 2025年2月 found, 3日日予定リスト found, No slots available!
2025-02-10 00:50:12,923 - __main__ - INFO - 2025年2月 found, 3日日予定リスト found, No slots available!
2025-02-10 00:51:12,713 - __main__ - INFO - 2025年2月 found, 3日日予定リスト found, No slots available!
2025-02-10 00:52:13,026 - __main__ - INFO - 2025年2月 found, 3日日予定リスト found, No slots available!
2025-02-10 00:53:12,607 - __main__ - INFO - 2025年2月 found, 3日日予定リスト found, No slots available!
2025-02-10 00:54:13,672 - __main__ - INFO - 2025年2月 found, 3日日予定リスト found, No slots available!
2025-02-10 00:55:14,116 - __main__ - INFO - 2025年2月 found, 3日日予定リスト found, No slots available!
2025-02-10 00:56:12,802 - __main__ - INFO - 2025年2月 found, 3日日予定リスト found, No slots available!
2025-02-10 00:57:12,996 - __main__ - INFO - 2025年2月 found, 3日日予定リスト found, No slots available!
2025-02-10 00:58:13,521 - __main__ - INFO - 2025年2月 found, 3日日予定リスト found, No slots available!
2025-02-10 00:59:13,102 - __main__ - INFO - 2025年2月 found, 3日日予定リスト found, No slots available!
2025-02-10 01:00:17,210 - __main__ - INFO - Email sent successfully.
2025-02-10 01:00:20,077 - __main__ - INFO - Email sent successfully.
2025-02-10 01:00:20,078 - __main__ - INFO - 2025年2月 found, 3日日予定リスト found, Please visit https://coubic.com/Embassy-of-Japan/widget/calendar/914977?from_pc=listMonth&from_sp=listMonth
2025-02-10 01:01:16,016 - __main__ - INFO - Email sent successfully.
2025-02-10 01:01:16,023 - __main__ - INFO - 2025年2月 found, 3日日予定リスト found, Please visit https://coubic.com/Embassy-of-Japan/widget/calendar/914977?from_pc=listMonth&from_sp=listMonth
2025-02-10 01:02:17,022 - __main__ - INFO - Email sent successfully.
2025-02-10 01:02:17,026 - __main__ - INFO - 2025年2月 found, 3日日予定リスト found, Please visit https://coubic.com/Embassy-of-Japan/widget/calendar/914977?from_pc=listMonth&from_sp=listMonth
2025-02-10 01:03:16,575 - __main__ - INFO - Email sent successfully.
2025-02-10 01:03:16,583 - __main__ - INFO - 2025年2月 found, 3日日予定リスト found, Please visit https://coubic.com/Embassy-of-Japan/widget/calendar/914977?from_pc=listMonth&from_sp=listMonth
2025-02-10 01:04:14,845 - __main__ - INFO - Email sent successfully.
2025-02-10 01:04:14,849 - __main__ - INFO - 2025年2月 found, 3日日予定リスト found, Please visit https://coubic.com/Embassy-of-Japan/widget/calendar/914977?from_pc=listMonth&from_sp=listMonth
2025-02-10 01:05:15,691 - __main__ - INFO - Email sent successfully.
2025-02-10 01:05:15,695 - __main__ - INFO - 2025年2月 found, 3日日予定リスト found, Please visit https://coubic.com/Embassy-of-Japan/widget/calendar/914977?from_pc=listMonth&from_sp=listMonth
2025-02-10 01:06:13,496 - __main__ - INFO - 2025年2月 found, 3日日予定リスト found, No slots available!
2025-02-10 01:07:13,095 - __main__ - INFO - 2025年2月 found, 3日日予定リスト found, No slots available!
2025-02-10 01:08:13,167 - __main__ - INFO - 2025年2月 found, 3日日予定リスト found, No slots available!
2025-02-10 01:09:13,167 - __main__ - INFO - 2025年2月 found, 3日日予定リスト found, No slots available!
2025-02-10 01:10:13,367 - __main__ - INFO - 2025年2月 found, 3日日予定リスト found, No slots available!
2025-02-10 01:11:13,227 - __main__ - INFO - 2025年2月 found, 3日日予定リスト found, No slots available!
2025-02-10 01:12:12,061 - __main__ - INFO - 2025年2月 found, 3日日予定リスト found, No slots available!
2025-02-10 01:13:13,370 - __main__ - INFO - 2025年2月 found, 3日日予定リスト found, No slots available!
2025-02-10 01:14:13,749 - __main__ - INFO - 2025年2月 found, 3日日予定リスト found, No slots available!
2025-02-10 01:15:12,630 - __main__ - INFO - 2025年2月 found, 3日日予定リスト found, No slots available!
2025-02-10 01:16:12,869 - __main__ - INFO - 2025年2月 found, 3日日予定リスト found, No slots available!
2025-02-10 01:17:13,597 - __main__ - INFO - 2025年2月 found, 3日日予定リスト found, No slots available!
2025-02-10 01:18:12,898 - __main__ - INFO - 2025年2月 found, 3日日予定リスト found, No slots available!
2025-02-10 01:19:13,031 - __main__ - INFO - 2025年2月 found, 3日日予定リスト found, No slots available!
2025-02-10 01:20:13,728 - __main__ - INFO - 2025年2月 found, 3日日予定リスト found, No slots available!
2025-02-10 01:21:12,352 - __main__ - INFO - 2025年2月 found, 3日日予定リスト found, No slots available!
2025-02-10 01:22:13,716 - __main__ - INFO - 2025年2月 found, 3日日予定リスト found, No slots available!
2025-02-10 01:23:12,941 - __main__ - INFO - 2025年2月 found, 3日日予定リスト found, No slots available!
2025-02-10 01:24:13,346 - __main__ - INFO - 2025年2月 found, 3日日予定リスト found, No slots available!
2025-02-10 01:25:14,593 - __main__ - INFO - 2025年2月 found, 3日日予定リスト found, No slots available!
2025-02-10 01:26:13,416 - __main__ - INFO - 2025年2月 found, 3日日予定リスト found, No slots available!
2025-02-10 01:27:14,756 - __main__ - INFO - 2025年2月 found, 3日日予定リスト found, No slots available!
2025-02-10 01:28:14,344 - __main__ - INFO - 2025年2月 found, 3日日予定リスト found, No slots available!
2025-02-10 01:29:13,729 - __main__ - INFO - 2025年2月 found, 3日日予定リスト found, No slots available!
2025-02-10 01:30:14,103 - __main__ - INFO - 2025年2月 found, 3日日予定リスト found, No slots available!
2025-02-10 01:31:13,206 - __main__ - INFO - 2025年2月 found, 3日日予定リスト found, No slots available!
2025-02-10 01:32:12,987 - __main__ - INFO - 2025年2月 found, 3日日予定リスト found, No slots available!
2025-02-10 01:33:13,589 - __main__ - INFO - 2025年2月 found, 3日日予定リスト found, No slots available!
2025-02-10 01:34:13,099 - __main__ - INFO - 2025年2月 found, 3日日予定リスト found, No slots available!
2025-02-10 01:35:13,640 - __main__ - INFO - 2025年2月 found, 3日日予定リスト found, No slots available!
2025-02-10 01:36:12,853 - __main__ - INFO - 2025年2月 found, 3日日予定リスト found, No slots available!
2025-02-10 01:37:13,120 - __main__ - INFO - 2025年2月 found, 3日日予定リスト found, No slots available!
2025-02-10 01:38:13,891 - __main__ - INFO - 2025年2月 found, 3日日予定リスト found, No slots available!
2025-02-10 01:39:13,271 - __main__ - INFO - 2025年2月 found, 3日日予定リスト found, No slots available!
2025-02-10 01:40:13,096 - __main__ - INFO - 2025年2月 found, 3日日予定リスト found, No slots available!
2025-02-10 01:41:13,300 - __main__ - INFO - 2025年2月 found, 3日日予定リスト found, No slots available!
2025-02-10 01:42:13,212 - __main__ - INFO - 2025年2月 found, 3日日予定リスト found, No slots available!
2025-02-10 01:43:13,515 - __main__ - INFO - 2025年2月 found, 3日日予定リスト found, No slots available!
2025-02-10 01:44:12,580 - __main__ - INFO - 2025年2月 found, 3日日予定リスト found, No slots available!
2025-02-10 01:45:12,909 - __main__ - INFO - 2025年2月 found, 3日日予定リスト found, No slots available!
2025-02-10 01:46:13,509 - __main__ - INFO - 2025年2月 found, 3日日予定リスト found, No slots available!
2025-02-10 01:47:12,533 - __main__ - INFO - 2025年2月 found, 3日日予定リスト found, No slots available!
2025-02-10 01:48:13,364 - __main__ - INFO - 2025年2月 found, 3日日予定リスト found, No slots available!
2025-02-10 01:49:12,853 - __main__ - INFO - 2025年2月 found, 3日日予定リスト found, No slots available!
2025-02-10 01:50:13,617 - __main__ - INFO - 2025年2月 found, 3日日予定リスト found, No slots available!
2025-02-10 01:51:13,329 - __main__ - INFO - 2025年2月 found, 3日日予定リスト found, No slots available!
2025-02-10 01:52:13,466 - __main__ - INFO - 2025年2月 found, 3日日予定リスト found, No slots available!
2025-02-10 01:53:14,001 - __main__ - INFO - 2025年2月 found, 3日日予定リスト found, No slots available!
2025-02-10 01:54:13,471 - __main__ - INFO - 2025年2月 found, 3日日予定リスト found, No slots available!
2025-02-10 01:55:15,648 - __main__ - INFO - 2025年2月 found, 3日日予定リスト found, No slots available!
2025-02-10 01:56:13,689 - __main__ - INFO - 2025年2月 found, 3日日予定リスト found, No slots available!
2025-02-10 01:57:13,113 - __main__ - INFO - 2025年2月 found, 3日日予定リスト found, No slots available!
2025-02-10 01:58:14,150 - __main__ - INFO - 2025年2月 found, 3日日予定リスト found, No slots available!
2025-02-10 01:59:13,492 - __main__ - INFO - 2025年2月 found, 3日日予定リスト found, No slots available!
2025-02-10 02:00:18,202 - __main__ - INFO - Email sent successfully.
2025-02-10 02:00:18,206 - __main__ - INFO - 2025年2月 found, 3日日予定リスト found, No slots available!
2025-02-10 02:01:13,460 - __main__ - INFO - 2025年2月 found, 3日日予定リスト found, No slots available!
2025-02-10 02:02:12,867 - __main__ - INFO - 2025年2月 found, 3日日予定リスト found, No slots available!
2025-02-10 02:03:12,700 - __main__ - INFO - 2025年2月 found, 3日日予定リスト found, No slots available!
2025-02-10 02:04:12,956 - __main__ - INFO - 2025年2月 found, 3日日予定リスト found, No slots available!
2025-02-10 02:05:13,193 - __main__ - INFO - 2025年2月 found, 3日日予定リスト found, No slots available!
2025-02-10 02:06:12,855 - __main__ - INFO - 2025年2月 found, 3日日予定リスト found, No slots available!
2025-02-10 02:07:13,630 - __main__ - INFO - 2025年2月 found, 3日日予定リスト found, No slots available!
2025-02-10 02:08:13,415 - __main__ - INFO - 2025年2月 found, 3日日予定リスト found, No slots available!
2025-02-10 02:09:13,870 - __main__ - INFO - 2025年2月 found, 3日日予定リスト found, No slots available!
2025-02-10 02:10:14,836 - __main__ - INFO - 2025年2月 found, 3日日予定リスト found, No slots available!
2025-02-10 02:11:13,313 - __main__ - INFO - 2025年2月 found, 3日日予定リスト found, No slots available!
2025-02-10 02:12:13,056 - __main__ - INFO - 2025年2月 found, 3日日予定リスト found, No slots available!
2025-02-10 02:13:12,989 - __main__ - INFO - 2025年2月 found, 3日日予定リスト found, No slots available!
2025-02-10 02:14:12,968 - __main__ - INFO - 2025年2月 found, 3日日予定リスト found, No slots available!
2025-02-10 02:15:13,746 - __main__ - INFO - 2025年2月 found, 3日日予定リスト found, No slots available!
2025-02-10 02:16:12,446 - __main__ - INFO - 2025年2月 found, 3日日予定リスト found, No slots available!
2025-02-10 02:17:13,340 - __main__ - INFO - 2025年2月 found, 3日日予定リスト found, No slots available!
2025-02-10 02:18:13,243 - __main__ - INFO - 2025年2月 found, 3日日予定リスト found, No slots available!
2025-02-10 02:19:12,724 - __main__ - INFO - 2025年2月 found, 3日日予定リスト found, No slots available!
2025-02-10 02:20:13,574 - __main__ - INFO - 2025年2月 found, 3日日予定リスト found, No slots available!
2025-02-10 02:21:12,927 - __main__ - INFO - 2025年2月 found, 3日日予定リスト found, No slots available!
2025-02-10 02:22:12,946 - __main__ - INFO - 2025年2月 found, 3日日予定リスト found, No slots available!
2025-02-10 02:23:13,329 - __main__ - INFO - 2025年2月 found, 3日日予定リスト found, No slots available!
2025-02-10 02:24:12,802 - __main__ - INFO - 2025年2月 found, 3日日予定リスト found, No slots available!
2025-02-10 02:25:14,153 - __main__ - INFO - 2025年2月 found, 3日日予定リスト found, No slots available!
2025-02-10 02:26:13,646 - __main__ - INFO - 2025年2月 found, 3日日予定リスト found, No slots available!
2025-02-10 02:27:13,612 - __main__ - INFO - 2025年2月 found, 3日日予定リスト found, No slots available!
2025-02-10 02:28:13,522 - __main__ - INFO - 2025年2月 found, 3日日予定リスト found, No slots available!
2025-02-10 02:29:13,600 - __main__ - INFO - 2025年2月 found, 3日日予定リスト found, No slots available!
2025-02-10 02:30:13,775 - __main__ - INFO - 2025年2月 found, 3日日予定リスト found, No slots available!
2025-02-10 02:31:13,404 - __main__ - INFO - 2025年2月 found, 3日日予定リスト found, No slots available!
2025-02-10 02:32:13,286 - __main__ - INFO - 2025年2月 found, 3日日予定リスト found, No slots available!
2025-02-10 02:33:13,715 - __main__ - INFO - 2025年2月 found, 3日日予定リスト found, No slots available!
2025-02-10 02:34:13,412 - __main__ - INFO - 2025年2月 found, 3日日予定リスト found, No slots available!
2025-02-10 02:35:12,961 - __main__ - INFO - 2025年2月 found, 3日日予定リスト found, No slots available!
2025-02-10 02:36:13,242 - __main__ - INFO - 2025年2月 found, 3日日予定リスト found, No slots available!
2025-02-10 02:37:13,381 - __main__ - INFO - 2025年2月 found, 3日日予定リスト found, No slots available!
2025-02-10 02:38:12,816 - __main__ - INFO - 2025年2月 found, 3日日予定リスト found, No slots available!
2025-02-10 02:39:13,168 - __main__ - INFO - 2025年2月 found, 3日日予定リスト found, No slots available!
2025-02-10 02:40:13,847 - __main__ - INFO - 2025年2月 found, 3日日予定リスト found, No slots available!
2025-02-10 02:41:13,241 - __main__ - INFO - 2025年2月 found, 3日日予定リスト found, No slots available!
2025-02-10 02:42:13,819 - __main__ - INFO - 2025年2月 found, 3日日予定リスト found, No slots available!
2025-02-10 02:43:12,781 - __main__ - INFO - 2025年2月 found, 3日日予定リスト found, No slots available!
2025-02-10 02:44:12,323 - __main__ - INFO - 2025年2月 found, 3日日予定リスト found, No slots available!
2025-02-10 02:45:14,685 - __main__ - INFO - 2025年2月 found, 3日日予定リスト found, No slots available!
2025-02-10 02:46:13,762 - __main__ - INFO - 2025年2月 found, 3日日予定リスト found, No slots available!
2025-02-10 02:47:13,655 - __main__ - INFO - 2025年2月 found, 3日日予定リスト found, No slots available!
2025-02-10 02:48:13,638 - __main__ - INFO - 2025年2月 found, 3日日予定リスト found, No slots available!
2025-02-10 02:49:12,586 - __main__ - INFO - 2025年2月 found, 3日日予定リスト found, No slots available!
2025-02-10 02:50:13,517 - __main__ - INFO - 2025年2月 found, 3日日予定リスト found, No slots available!
2025-02-10 02:51:13,284 - __main__ - INFO - 2025年2月 found, 3日日予定リスト found, No slots available!
2025-02-10 02:52:13,034 - __main__ - INFO - 2025年2月 found, 3日日予定リスト found, No slots available!
2025-02-10 02:53:13,588 - __main__ - INFO - 2025年2月 found, 3日日予定リスト found, No slots available!
2025-02-10 02:54:12,892 - __main__ - INFO - 2025年2月 found, 3日日予定リスト found, No slots available!
2025-02-10 02:55:16,308 - __main__ - INFO - 2025年2月 found, 3日日予定リスト found, No slots available!
2025-02-10 02:56:13,702 - __main__ - INFO - 2025年2月 found, 3日日予定リスト found, No slots available!
2025-02-10 02:57:14,043 - __main__ - INFO - 2025年2月 found, 3日日予定リスト found, No slots available!
2025-02-10 02:58:13,529 - __main__ - INFO - 2025年2月 found, 3日日予定リスト found, No slots available!
2025-02-10 02:59:14,429 - __main__ - INFO - 2025年2月 found, 3日日予定リスト found, No slots available!
2025-02-10 03:00:17,772 - __main__ - INFO - Email sent successfully.
2025-02-10 03:00:17,776 - __main__ - INFO - 2025年2月 found, 3日日予定リスト found, No slots available!
2025-02-10 03:01:13,535 - __main__ - INFO - 2025年2月 found, 3日日予定リスト found, No slots available!
2025-02-10 03:02:12,993 - __main__ - INFO - 2025年2月 found, 3日日予定リスト found, No slots available!
2025-02-10 03:03:13,540 - __main__ - INFO - 2025年2月 found, 3日日予定リスト found, No slots available!
2025-02-10 03:04:13,315 - __main__ - INFO - 2025年2月 found, 3日日予定リスト found, No slots available!
2025-02-10 03:05:12,933 - __main__ - INFO - 2025年2月 found, 3日日予定リスト found, No slots available!
2025-02-10 03:06:12,962 - __main__ - INFO - 2025年2月 found, 3日日予定リスト found, No slots available!
2025-02-10 03:07:13,776 - __main__ - INFO - 2025年2月 found, 3日日予定リスト found, No slots available!
2025-02-10 03:08:13,764 - __main__ - INFO - 2025年2月 found, 3日日予定リスト found, No slots available!
2025-02-10 03:09:13,556 - __main__ - INFO - 2025年2月 found, 3日日予定リスト found, No slots available!
2025-02-10 03:10:13,382 - __main__ - INFO - 2025年2月 found, 3日日予定リスト found, No slots available!
2025-02-10 03:11:13,167 - __main__ - INFO - 2025年2月 found, 3日日予定リスト found, No slots available!
2025-02-10 03:12:12,780 - __main__ - INFO - 2025年2月 found, 3日日予定リスト found, No slots available!
2025-02-10 03:13:13,589 - __main__ - INFO - 2025年2月 found, 3日日予定リスト found, No slots available!
2025-02-10 03:14:13,172 - __main__ - INFO - 2025年2月 found, 3日日予定リスト found, No slots available!
2025-02-10 03:15:12,718 - __main__ - INFO - 2025年2月 found, 3日日予定リスト found, No slots available!
2025-02-10 03:16:12,812 - __main__ - INFO - 2025年2月 found, 3日日予定リスト found, No slots available!
2025-02-10 03:17:13,167 - __main__ - INFO - 2025年2月 found, 3日日予定リスト found, No slots available!
2025-02-10 03:18:13,170 - __main__ - INFO - 2025年2月 found, 3日日予定リスト found, No slots available!
2025-02-10 03:19:13,353 - __main__ - INFO - 2025年2月 found, 3日日予定リスト found, No slots available!
2025-02-10 03:20:13,771 - __main__ - INFO - 2025年2月 found, 3日日予定リスト found, No slots available!
2025-02-10 03:21:13,071 - __main__ - INFO - 2025年2月 found, 3日日予定リスト found, No slots available!
2025-02-10 03:22:13,313 - __main__ - INFO - 2025年2月 found, 3日日予定リスト found, No slots available!
2025-02-10 03:23:13,414 - __main__ - INFO - 2025年2月 found, 3日日予定リスト found, No slots available!
2025-02-10 03:24:12,630 - __main__ - INFO - 2025年2月 found, 3日日予定リスト found, No slots available!
2025-02-10 03:25:13,668 - __main__ - INFO - 2025年2月 found, 3日日予定リスト found, No slots available!
2025-02-10 03:26:13,762 - __main__ - INFO - 2025年2月 found, 3日日予定リスト found, No slots available!
2025-02-10 03:27:12,985 - __main__ - INFO - 2025年2月 found, 3日日予定リスト found, No slots available!
2025-02-10 03:28:13,725 - __main__ - INFO - 2025年2月 found, 3日日予定リスト found, No slots available!
2025-02-10 03:29:12,727 - __main__ - INFO - 2025年2月 found, 3日日予定リスト found, No slots available!
2025-02-10 03:30:13,479 - __main__ - INFO - 2025年2月 found, 3日日予定リスト found, No slots available!
2025-02-10 03:31:12,771 - __main__ - INFO - 2025年2月 found, 3日日予定リスト found, No slots available!
2025-02-10 03:32:12,589 - __main__ - INFO - 2025年2月 found, 3日日予定リスト found, No slots available!
2025-02-10 03:33:13,097 - __main__ - INFO - 2025年2月 found, 3日日予定リスト found, No slots available!
2025-02-10 03:34:13,253 - __main__ - INFO - 2025年2月 found, 3日日予定リスト found, No slots available!
2025-02-10 03:35:13,548 - __main__ - INFO - 2025年2月 found, 3日日予定リスト found, No slots available!
2025-02-10 03:36:12,977 - __main__ - INFO - 2025年2月 found, 3日日予定リスト found, No slots available!
2025-02-10 03:37:13,641 - __main__ - INFO - 2025年2月 found, 3日日予定リスト found, No slots available!
2025-02-10 03:38:13,092 - __main__ - INFO - 2025年2月 found, 3日日予定リスト found, No slots available!
2025-02-10 03:39:13,323 - __main__ - INFO - 2025年2月 found, 3日日予定リスト found, No slots available!
2025-02-10 03:40:13,466 - __main__ - INFO - 2025年2月 found, 3日日予定リスト found, No slots available!
2025-02-10 03:41:13,746 - __main__ - INFO - 2025年2月 found, 3日日予定リスト found, No slots available!
2025-02-10 03:42:13,483 - __main__ - INFO - 2025年2月 found, 3日日予定リスト found, No slots available!
2025-02-10 03:43:13,589 - __main__ - INFO - 2025年2月 found, 3日日予定リスト found, No slots available!
2025-02-10 03:44:13,146 - __main__ - INFO - 2025年2月 found, 3日日予定リスト found, No slots available!
2025-02-10 03:45:13,296 - __main__ - INFO - 2025年2月 found, 3日日予定リスト found, No slots available!
2025-02-10 03:46:13,265 - __main__ - INFO - 2025年2月 found, 3日日予定リスト found, No slots available!
2025-02-10 03:47:13,418 - __main__ - INFO - 2025年2月 found, 3日日予定リスト found, No slots available!
2025-02-10 03:48:13,652 - __main__ - INFO - 2025年2月 found, 3日日予定リスト found, No slots available!
2025-02-10 03:49:13,236 - __main__ - INFO - 2025年2月 found, 3日日予定リスト found, No slots available!
2025-02-10 03:50:13,053 - __main__ - INFO - 2025年2月 found, 3日日予定リスト found, No slots available!
2025-02-10 03:51:13,084 - __main__ - INFO - 2025年2月 found, 3日日予定リスト found, No slots available!
2025-02-10 03:52:13,651 - __main__ - INFO - 2025年2月 found, 3日日予定リスト found, No slots available!
2025-02-10 03:53:12,441 - __main__ - INFO - 2025年2月 found, 3日日予定リスト found, No slots available!
2025-02-10 03:54:12,487 - __main__ - INFO - 2025年2月 found, 3日日予定リスト found, No slots available!
2025-02-10 03:55:14,267 - __main__ - INFO - 2025年2月 found, 3日日予定リスト found, No slots available!
2025-02-10 03:56:13,381 - __main__ - INFO - 2025年2月 found, 3日日予定リスト found, No slots available!
2025-02-10 03:57:12,982 - __main__ - INFO - 2025年2月 found, 3日日予定リスト found, No slots available!
2025-02-10 03:58:13,636 - __main__ - INFO - 2025年2月 found, 3日日予定リスト found, No slots available!
2025-02-10 03:59:13,267 - __main__ - INFO - 2025年2月 found, 3日日予定リスト found, No slots available!
2025-02-10 04:00:16,270 - __main__ - INFO - Email sent successfully.
2025-02-10 04:00:16,274 - __main__ - INFO - 2025年2月 found, 3日日予定リスト found, No slots available!
2025-02-10 04:01:13,435 - __main__ - INFO - 2025年2月 found, 3日日予定リスト found, No slots available!
2025-02-10 04:02:13,603 - __main__ - INFO - 2025年2月 found, 3日日予定リスト found, No slots available!
2025-02-10 04:03:13,313 - __main__ - INFO - 2025年2月 found, 3日日予定リスト found, No slots available!
2025-02-10 04:04:13,087 - __main__ - INFO - 2025年2月 found, 3日日予定リスト found, No slots available!
2025-02-10 04:05:13,353 - __main__ - INFO - 2025年2月 found, 3日日予定リスト found, No slots available!
2025-02-10 04:06:13,144 - __main__ - INFO - 2025年2月 found, 3日日予定リスト found, No slots available!
2025-02-10 04:07:13,375 - __main__ - INFO - 2025年2月 found, 3日日予定リスト found, No slots available!
2025-02-10 04:08:14,197 - __main__ - INFO - 2025年2月 found, 3日日予定リスト found, No slots available!
2025-02-10 04:09:12,474 - __main__ - INFO - 2025年2月 found, 3日日予定リスト found, No slots available!
2025-02-10 04:10:14,486 - __main__ - INFO - 2025年2月 found, 3日日予定リスト found, No slots available!
2025-02-10 04:11:13,091 - __main__ - INFO - 2025年2月 found, 3日日予定リスト found, No slots available!
2025-02-10 04:12:13,622 - __main__ - INFO - 2025年2月 found, 3日日予定リスト found, No slots available!
2025-02-10 04:13:12,958 - __main__ - INFO - 2025年2月 found, 3日日予定リスト found, No slots available!
2025-02-10 04:14:13,692 - __main__ - INFO - 2025年2月 found, 3日日予定リスト found, No slots available!
2025-02-10 04:15:13,358 - __main__ - INFO - 2025年2月 found, 3日日予定リスト found, No slots available!
2025-02-10 04:16:13,201 - __main__ - INFO - 2025年2月 found, 3日日予定リスト found, No slots available!
2025-02-10 04:17:13,006 - __main__ - INFO - 2025年2月 found, 3日日予定リスト found, No slots available!
2025-02-10 04:18:12,211 - __main__ - INFO - 2025年2月 found, 3日日予定リスト found, No slots available!
2025-02-10 04:19:12,466 - __main__ - INFO - 2025年2月 found, 3日日予定リスト found, No slots available!
2025-02-10 04:20:13,177 - __main__ - INFO - 2025年2月 found, 3日日予定リスト found, No slots available!
2025-02-10 04:21:13,035 - __main__ - INFO - 2025年2月 found, 3日日予定リスト found, No slots available!
2025-02-10 04:22:13,423 - __main__ - INFO - 2025年2月 found, 3日日予定リスト found, No slots available!
2025-02-10 04:23:12,884 - __main__ - INFO - 2025年2月 found, 3日日予定リスト found, No slots available!
2025-02-10 04:24:13,052 - __main__ - INFO - 2025年2月 found, 3日日予定リスト found, No slots available!
2025-02-10 04:25:15,212 - __main__ - INFO - 2025年2月 found, 3日日予定リスト found, No slots available!
2025-02-10 04:26:12,344 - __main__ - INFO - 2025年2月 found, 3日日予定リスト found, No slots available!
2025-02-10 04:27:12,625 - __main__ - INFO - 2025年2月 found, 3日日予定リスト found, No slots available!
2025-02-10 04:28:12,720 - __main__ - INFO - 2025年2月 found, 3日日予定リスト found, No slots available!
2025-02-10 04:29:13,582 - __main__ - INFO - 2025年2月 found, 3日日予定リスト found, No slots available!
2025-02-10 04:30:13,722 - __main__ - INFO - 2025年2月 found, 3日日予定リスト found, No slots available!
2025-02-10 04:31:13,398 - __main__ - INFO - 2025年2月 found, 3日日予定リスト found, No slots available!
2025-02-10 04:32:13,104 - __main__ - INFO - 2025年2月 found, 3日日予定リスト found, No slots available!
2025-02-10 04:33:13,417 - __main__ - INFO - 2025年2月 found, 3日日予定リスト found, No slots available!
2025-02-10 04:34:13,327 - __main__ - INFO - 2025年2月 found, 3日日予定リスト found, No slots available!
2025-02-10 04:35:12,863 - __main__ - INFO - 2025年2月 found, 3日日予定リスト found, No slots available!
2025-02-10 04:36:13,721 - __main__ - INFO - 2025年2月 found, 3日日予定リスト found, No slots available!
2025-02-10 04:37:13,922 - __main__ - INFO - 2025年2月 found, 3日日予定リスト found, No slots available!
2025-02-10 04:38:13,802 - __main__ - INFO - 2025年2月 found, 3日日予定リスト found, No slots available!
2025-02-10 04:39:13,684 - __main__ - INFO - 2025年2月 found, 3日日予定リスト found, No slots available!
2025-02-10 04:40:13,521 - __main__ - INFO - 2025年2月 found, 3日日予定リスト found, No slots available!
2025-02-10 04:41:11,986 - __main__ - INFO - 2025年2月 found, 3日日予定リスト found, No slots available!
2025-02-10 04:42:13,329 - __main__ - INFO - 2025年2月 found, 3日日予定リスト found, No slots available!
2025-02-10 04:43:13,508 - __main__ - INFO - 2025年2月 found, 3日日予定リスト found, No slots available!
2025-02-10 04:44:13,359 - __main__ - INFO - 2025年2月 found, 3日日予定リスト found, No slots available!
2025-02-10 04:45:13,478 - __main__ - INFO - 2025年2月 found, 3日日予定リスト found, No slots available!
2025-02-10 04:46:13,026 - __main__ - INFO - 2025年2月 found, 3日日予定リスト found, No slots available!
2025-02-10 04:47:13,642 - __main__ - INFO - 2025年2月 found, 3日日予定リスト found, No slots available!
2025-02-10 04:48:13,061 - __main__ - INFO - 2025年2月 found, 3日日予定リスト found, No slots available!
2025-02-10 04:49:12,806 - __main__ - INFO - 2025年2月 found, 3日日予定リスト found, No slots available!
2025-02-10 04:50:13,529 - __main__ - INFO - 2025年2月 found, 3日日予定リスト found, No slots available!
2025-02-10 04:51:13,692 - __main__ - INFO - 2025年2月 found, 3日日予定リスト found, No slots available!
2025-02-10 04:52:13,160 - __main__ - INFO - 2025年2月 found, 3日日予定リスト found, No slots available!
2025-02-10 04:53:13,865 - __main__ - INFO - 2025年2月 found, 3日日予定リスト found, No slots available!
2025-02-10 04:54:13,947 - __main__ - INFO - 2025年2月 found, 3日日予定リスト found, No slots available!
2025-02-10 04:55:15,379 - __main__ - INFO - 2025年2月 found, 3日日予定リスト found, No slots available!
2025-02-10 04:56:12,374 - __main__ - INFO - 2025年2月 found, 3日日予定リスト found, No slots available!
2025-02-10 04:57:12,861 - __main__ - INFO - 2025年2月 found, 3日日予定リスト found, No slots available!
2025-02-10 04:58:13,261 - __main__ - INFO - 2025年2月 found, 3日日予定リスト found, No slots available!
2025-02-10 04:59:12,274 - __main__ - INFO - 2025年2月 found, 3日日予定リスト found, No slots available!
2025-02-10 05:00:16,995 - __main__ - INFO - Email sent successfully.
2025-02-10 05:00:17,002 - __main__ - INFO - 2025年2月 found, 3日日予定リスト found, No slots available!
2025-02-10 05:01:12,940 - __main__ - INFO - 2025年2月 found, 3日日予定リスト found, No slots available!
2025-02-10 05:02:13,294 - __main__ - INFO - 2025年2月 found, 3日日予定リスト found, No slots available!
2025-02-10 05:03:13,282 - __main__ - INFO - 2025年2月 found, 3日日予定リスト found, No slots available!
2025-02-10 05:04:13,383 - __main__ - INFO - 2025年2月 found, 3日日予定リスト found, No slots available!
2025-02-10 05:05:13,384 - __main__ - INFO - 2025年2月 found, 3日日予定リスト found, No slots available!
2025-02-10 05:06:13,940 - __main__ - INFO - 2025年2月 found, 3日日予定リスト found, No slots available!
2025-02-10 05:07:12,981 - __main__ - INFO - 2025年2月 found, 3日日予定リスト found, No slots available!
2025-02-10 05:08:13,044 - __main__ - INFO - 2025年2月 found, 3日日予定リスト found, No slots available!
2025-02-10 05:09:12,803 - __main__ - INFO - 2025年2月 found, 3日日予定リスト found, No slots available!
2025-02-10 05:10:13,453 - __main__ - INFO - 2025年2月 found, 3日日予定リスト found, No slots available!
2025-02-10 05:11:13,605 - __main__ - INFO - 2025年2月 found, 3日日予定リスト found, No slots available!
2025-02-10 05:12:13,350 - __main__ - INFO - 2025年2月 found, 3日日予定リスト found, No slots available!
2025-02-10 05:13:13,558 - __main__ - INFO - 2025年2月 found, 3日日予定リスト found, No slots available!
2025-02-10 05:14:13,276 - __main__ - INFO - 2025年2月 found, 3日日予定リスト found, No slots available!
2025-02-10 05:15:12,756 - __main__ - INFO - 2025年2月 found, 3日日予定リスト found, No slots available!
2025-02-10 05:16:12,802 - __main__ - INFO - 2025年2月 found, 3日日予定リスト found, No slots available!
2025-02-10 05:17:13,452 - __main__ - INFO - 2025年2月 found, 3日日予定リスト found, No slots available!
2025-02-10 05:18:12,337 - __main__ - INFO - 2025年2月 found, 3日日予定リスト found, No slots available!
2025-02-10 05:19:12,540 - __main__ - INFO - 2025年2月 found, 3日日予定リスト found, No slots available!
2025-02-10 05:20:13,784 - __main__ - INFO - 2025年2月 found, 3日日予定リスト found, No slots available!
2025-02-10 05:21:13,588 - __main__ - INFO - 2025年2月 found, 3日日予定リスト found, No slots available!
2025-02-10 05:22:13,350 - __main__ - INFO - 2025年2月 found, 3日日予定リスト found, No slots available!
2025-02-10 05:23:12,988 - __main__ - INFO - 2025年2月 found, 3日日予定リスト found, No slots available!
2025-02-10 05:24:12,746 - __main__ - INFO - 2025年2月 found, 3日日予定リスト found, No slots available!
2025-02-10 05:25:14,658 - __main__ - INFO - 2025年2月 found, 3日日予定リスト found, No slots available!
2025-02-10 05:26:12,803 - __main__ - INFO - 2025年2月 found, 3日日予定リスト found, No slots available!
2025-02-10 05:27:13,611 - __main__ - INFO - 2025年2月 found, 3日日予定リスト found, No slots available!
2025-02-10 05:28:13,941 - __main__ - INFO - 2025年2月 found, 3日日予定リスト found, No slots available!
2025-02-10 05:29:13,290 - __main__ - INFO - 2025年2月 found, 3日日予定リスト found, No slots available!
2025-02-10 05:30:13,426 - __main__ - INFO - 2025年2月 found, 3日日予定リスト found, No slots available!
2025-02-10 05:31:13,025 - __main__ - INFO - 2025年2月 found, 3日日予定リスト found, No slots available!
2025-02-10 05:32:13,689 - __main__ - INFO - 2025年2月 found, 3日日予定リスト found, No slots available!
2025-02-10 05:33:13,492 - __main__ - INFO - 2025年2月 found, 3日日予定リスト found, No slots available!
2025-02-10 05:34:14,134 - __main__ - INFO - 2025年2月 found, 3日日予定リスト found, No slots available!
2025-02-10 05:35:13,351 - __main__ - INFO - 2025年2月 found, 3日日予定リスト found, No slots available!
2025-02-10 05:36:13,103 - __main__ - INFO - 2025年2月 found, 3日日予定リスト found, No slots available!
2025-02-10 05:37:12,914 - __main__ - INFO - 2025年2月 found, 3日日予定リスト found, No slots available!
2025-02-10 05:38:13,540 - __main__ - INFO - 2025年2月 found, 3日日予定リスト found, No slots available!
2025-02-10 05:39:14,133 - __main__ - INFO - 2025年2月 found, 3日日予定リスト found, No slots available!
2025-02-10 05:40:13,184 - __main__ - INFO - 2025年2月 found, 3日日予定リスト found, No slots available!
2025-02-10 05:41:13,331 - __main__ - INFO - 2025年2月 found, 3日日予定リスト found, No slots available!
2025-02-10 05:42:14,313 - __main__ - INFO - 2025年2月 found, 3日日予定リスト found, No slots available!
2025-02-10 05:43:13,716 - __main__ - INFO - 2025年2月 found, 3日日予定リスト found, No slots available!
2025-02-10 05:44:13,553 - __main__ - INFO - 2025年2月 found, 3日日予定リスト found, No slots available!
2025-02-10 05:45:13,552 - __main__ - INFO - 2025年2月 found, 3日日予定リスト found, No slots available!
2025-02-10 05:46:12,860 - __main__ - INFO - 2025年2月 found, 3日日予定リスト found, No slots available!
2025-02-10 05:47:13,767 - __main__ - INFO - 2025年2月 found, 3日日予定リスト found, No slots available!
2025-02-10 05:48:13,582 - __main__ - INFO - 2025年2月 found, 3日日予定リスト found, No slots available!
2025-02-10 05:49:13,126 - __main__ - INFO - 2025年2月 found, 3日日予定リスト found, No slots available!
2025-02-10 05:50:14,041 - __main__ - INFO - 2025年2月 found, 3日日予定リスト found, No slots available!
2025-02-10 05:51:12,579 - __main__ - INFO - 2025年2月 found, 3日日予定リスト found, No slots available!
2025-02-10 05:52:13,294 - __main__ - INFO - 2025年2月 found, 3日日予定リスト found, No slots available!
2025-02-10 05:53:13,490 - __main__ - INFO - 2025年2月 found, 3日日予定リスト found, No slots available!
2025-02-10 05:54:13,747 - __main__ - INFO - 2025年2月 found, 3日日予定リスト found, No slots available!
2025-02-10 05:55:14,932 - __main__ - INFO - 2025年2月 found, 3日日予定リスト found, No slots available!
2025-02-10 05:56:12,295 - __main__ - INFO - 2025年2月 found, 3日日予定リスト found, No slots available!
2025-02-10 05:57:13,036 - __main__ - INFO - 2025年2月 found, 3日日予定リスト found, No slots available!
2025-02-10 05:58:12,988 - __main__ - INFO - 2025年2月 found, 3日日予定リスト found, No slots available!
2025-02-10 05:59:12,650 - __main__ - INFO - 2025年2月 found, 3日日予定リスト found, No slots available!
2025-02-10 06:00:16,861 - __main__ - INFO - Email sent successfully.
2025-02-10 06:00:16,871 - __main__ - INFO - 2025年2月 found, 3日日予定リスト found, No slots available!
2025-02-10 06:01:13,112 - __main__ - INFO - 2025年2月 found, 3日日予定リスト found, No slots available!
2025-02-10 06:02:13,167 - __main__ - INFO - 2025年2月 found, 3日日予定リスト found, No slots available!
2025-02-10 06:03:12,631 - __main__ - INFO - 2025年2月 found, 3日日予定リスト found, No slots available!
2025-02-10 06:04:13,074 - __main__ - INFO - 2025年2月 found, 3日日予定リスト found, No slots available!
2025-02-10 06:05:13,186 - __main__ - INFO - 2025年2月 found, 3日日予定リスト found, No slots available!
2025-02-10 06:06:12,754 - __main__ - INFO - 2025年2月 found, 3日日予定リスト found, No slots available!
2025-02-10 06:07:13,134 - __main__ - INFO - 2025年2月 found, 3日日予定リスト found, No slots available!
2025-02-10 06:08:13,024 - __main__ - INFO - 2025年2月 found, 3日日予定リスト found, No slots available!
2025-02-10 06:09:13,615 - __main__ - INFO - 2025年2月 found, 3日日予定リスト found, No slots available!
2025-02-10 06:10:13,534 - __main__ - INFO - 2025年2月 found, 3日日予定リスト found, No slots available!
2025-02-10 06:11:13,306 - __main__ - INFO - 2025年2月 found, 3日日予定リスト found, No slots available!
2025-02-10 06:12:13,447 - __main__ - INFO - 2025年2月 found, 3日日予定リスト found, No slots available!
2025-02-10 06:13:13,410 - __main__ - INFO - 2025年2月 found, 3日日予定リスト found, No slots available!
2025-02-10 06:14:12,960 - __main__ - INFO - 2025年2月 found, 3日日予定リスト found, No slots available!
2025-02-10 06:15:13,944 - __main__ - INFO - 2025年2月 found, 3日日予定リスト found, No slots available!
2025-02-10 06:16:12,646 - __main__ - INFO - 2025年2月 found, 3日日予定リスト found, No slots available!
2025-02-10 06:17:13,570 - __main__ - INFO - 2025年2月 found, 3日日予定リスト found, No slots available!
2025-02-10 06:18:13,551 - __main__ - INFO - 2025年2月 found, 3日日予定リスト found, No slots available!
2025-02-10 06:19:13,407 - __main__ - INFO - 2025年2月 found, 3日日予定リスト found, No slots available!
2025-02-10 06:20:13,851 - __main__ - INFO - 2025年2月 found, 3日日予定リスト found, No slots available!
2025-02-10 06:21:13,419 - __main__ - INFO - 2025年2月 found, 3日日予定リスト found, No slots available!
